<?xml version="1.0" encoding="UTF-8"?>
<!-- Generated by org.testng.reporters.JUnitReportReporter -->
<testsuite hostname="BalyaBhai" failures="0" tests="1" name="facebook2Test.Facbook_Login_test" time="8.613" errors="0" timestamp="2022-06-09T10:37:54 IST" skipped="0">
  <testcase classname="facebook2Test.Facbook_Login_test" name="signupLink" time="8.613"/>
  <system-out/>
</testsuite> <!-- facebook2Test.Facbook_Login_test -->
