<?xml version="1.0" encoding="UTF-8"?>
<!-- Generated by org.testng.reporters.JUnitReportReporter -->
<testsuite hostname="Atul" failures="0" tests="4" name="grouping.test1" time="0.024" errors="0" timestamp="2022-06-18T20:10:56 IST" skipped="0">
  <testcase classname="grouping.test1" name="TC01" time="0.011"/>
  <system-out/>
  <testcase classname="grouping.test1" name="TC04" time="0.003"/>
  <system-out/>
  <testcase classname="grouping.test1" name="TC02" time="0.003"/>
  <system-out/>
  <testcase classname="grouping.test1" name="TC03" time="0.007"/>
  <system-out/>
</testsuite> <!-- grouping.test1 -->
