<?xml version="1.0" encoding="UTF-8"?>
<!-- Generated by org.testng.reporters.JUnitReportReporter -->
<testsuite hostname="BalyaBhai" failures="0" tests="8" name="facebook2Test.Signup_PageTest" time="5.391" errors="0" timestamp="2022-06-11T22:15:34 IST" skipped="0">
  <testcase classname="facebook2Test.Signup_PageTest" name="lastname" time="4.203"/>
  <system-out/>
  <testcase classname="facebook2Test.Signup_PageTest" name="selectyear" time="0.115"/>
  <system-out/>
  <testcase classname="facebook2Test.Signup_PageTest" name="selectday" time="0.141"/>
  <system-out/>
  <testcase classname="facebook2Test.Signup_PageTest" name="firstname" time="0.199"/>
  <system-out/>
  <testcase classname="facebook2Test.Signup_PageTest" name="mobile" time="0.261"/>
  <system-out/>
  <testcase classname="facebook2Test.Signup_PageTest" name="passwordenter" time="0.186"/>
  <system-out/>
  <testcase classname="facebook2Test.Signup_PageTest" name="selectmonth" time="0.129"/>
  <system-out/>
  <testcase classname="facebook2Test.Signup_PageTest" name="gender" time="0.157"/>
  <system-out/>
</testsuite> <!-- facebook2Test.Signup_PageTest -->
