<?xml version="1.0" encoding="UTF-8"?>
<!-- Generated by org.testng.reporters.JUnitReportReporter -->
<testsuite hostname="Atul" failures="0" tests="1" name="parallel_classes.nitin" time="0.014" errors="0" timestamp="2022-06-18T20:12:36 IST" skipped="0">
  <testcase classname="parallel_classes.nitin" name="nitinA" time="0.014"/>
  <system-out/>
</testsuite> <!-- parallel_classes.nitin -->
