<?xml version="1.0" encoding="UTF-8"?>
<!-- Generated by org.testng.reporters.JUnitReportReporter -->
<testsuite hostname="BalyaBhai" failures="0" tests="4" name="assertions.Fb_assertions" time="0.261" errors="0" timestamp="2022-06-02T22:25:13 IST" skipped="0">
  <testcase classname="assertions.Fb_assertions" name="forgotPass" time="0.059"/>
  <system-out/>
  <testcase classname="assertions.Fb_assertions" name="signup" time="0.025"/>
  <system-out/>
  <testcase classname="assertions.Fb_assertions" name="link" time="0.035"/>
  <system-out/>
  <testcase classname="assertions.Fb_assertions" name="logoTest" time="0.142"/>
  <system-out/>
</testsuite> <!-- assertions.Fb_assertions -->
