<?xml version="1.0" encoding="UTF-8"?>
<!-- Generated by org.testng.reporters.JUnitReportReporter -->
<testsuite hostname="Atul" failures="0" tests="1" name="parallel_classes.pankaj" time="0.017" errors="0" timestamp="2022-06-18T20:12:36 IST" skipped="0">
  <testcase classname="parallel_classes.pankaj" name="pankajA" time="0.017"/>
  <system-out/>
</testsuite> <!-- parallel_classes.pankaj -->
