<?xml version="1.0" encoding="UTF-8"?>
<!-- Generated by org.testng.reporters.JUnitReportReporter -->
<testsuite hostname="BalyaBhai" failures="0" tests="2" name="amezon.HomeTest" time="4.859" errors="0" timestamp="2022-06-14T16:36:19 IST" skipped="0">
  <testcase classname="amezon.HomeTest" name="sig" time="4.480"/>
  <system-out/>
  <testcase classname="amezon.HomeTest" name="dropd" time="0.379"/>
  <system-out/>
</testsuite> <!-- amezon.HomeTest -->
