<?xml version="1.0" encoding="UTF-8"?>
<!-- Generated by org.testng.reporters.JUnitReportReporter -->
<testsuite hostname="Atul" failures="0" tests="3" name="mercury_tours.test" time="98.245" errors="0" timestamp="2022-06-18T22:33:22 IST" skipped="0">
  <testcase classname="mercury_tours.test" name="launchApp" time="48.962"/>
  <system-out/>
  <testcase classname="mercury_tours.test" name="clickRegister" time="48.790"/>
  <system-out/>
  <testcase classname="mercury_tours.test" name="filldata" time="0.493"/>
  <system-out/>
</testsuite> <!-- mercury_tours.test -->
