<?xml version="1.0" encoding="UTF-8"?>
<!-- Generated by org.testng.reporters.JUnitReportReporter -->
<testsuite hostname="BalyaBhai" failures="0" tests="2" name="fb_data_fetch_test.fb_login_test" time="7.808" errors="0" timestamp="2022-06-03T17:08:33 IST" skipped="0">
  <testcase classname="fb_data_fetch_test.fb_login_test" name="username" time="1.430"/>
  <system-out/>
  <testcase classname="fb_data_fetch_test.fb_login_test" name="launchApp" time="6.378"/>
  <system-out/>
</testsuite> <!-- fb_data_fetch_test.fb_login_test -->
