<?xml version="1.0" encoding="UTF-8"?>
<!-- Generated by org.testng.reporters.JUnitReportReporter -->
<testsuite hostname="Atul" failures="0" tests="1" name="parallel_classes.lakshmi" time="0.019" errors="0" timestamp="2022-06-18T20:12:36 IST" skipped="0">
  <testcase classname="parallel_classes.lakshmi" name="lakshmiA" time="0.019"/>
  <system-out/>
</testsuite> <!-- parallel_classes.lakshmi -->
