<?xml version="1.0" encoding="UTF-8"?>
<!-- Generated by org.testng.reporters.JUnitReportReporter -->
<testsuite hostname="Atul" failures="0" tests="4" name="grouping.test2" time="0.010" errors="0" timestamp="2022-06-18T20:10:56 IST" skipped="0">
  <testcase classname="grouping.test2" name="TC11" time="0.004"/>
  <system-out/>
  <testcase classname="grouping.test2" name="TC12" time="0.002"/>
  <system-out/>
  <testcase classname="grouping.test2" name="TC14" time="0.002"/>
  <system-out/>
  <testcase classname="grouping.test2" name="TC13" time="0.002"/>
  <system-out/>
</testsuite> <!-- grouping.test2 -->
